<?xml version="1.0" encoding="UTF-8"?>
<testsuite xmlns:xsi="http://www.w3.org/2001/XMLSchema-instance" xsi:noNamespaceSchemaLocation="https://maven.apache.org/surefire/maven-surefire-plugin/xsd/surefire-test-report-3.0.xsd" version="3.0" name="salary.SalaryTest" time="1.628" tests="3" errors="1" skipped="1" failures="0">
  <properties>
    <property name="sun.desktop" value="windows"/>
    <property name="awt.toolkit" value="sun.awt.windows.WToolkit"/>
    <property name="file.encoding.pkg" value="sun.io"/>
    <property name="java.specification.version" value="1.8"/>
    <property name="sun.cpu.isalist" value="amd64"/>
    <property name="sun.jnu.encoding" value="Cp1250"/>
    <property name="java.class.path" value="C:\Users\EDYGON\WorkspaceReports\test-report-tools\target\test-classes;C:\Users\EDYGON\WorkspaceReports\test-report-tools\target\classes;C:\Users\EDYGON\.m2\repository\org\junit\jupiter\junit-jupiter-engine\5.3.2\junit-jupiter-engine-5.3.2.jar;C:\Users\EDYGON\.m2\repository\org\apiguardian\apiguardian-api\1.0.0\apiguardian-api-1.0.0.jar;C:\Users\EDYGON\.m2\repository\org\junit\platform\junit-platform-engine\1.3.2\junit-platform-engine-1.3.2.jar;C:\Users\EDYGON\.m2\repository\org\junit\platform\junit-platform-commons\1.3.2\junit-platform-commons-1.3.2.jar;C:\Users\EDYGON\.m2\repository\org\opentest4j\opentest4j\1.1.1\opentest4j-1.1.1.jar;C:\Users\EDYGON\.m2\repository\org\junit\jupiter\junit-jupiter-api\5.3.2\junit-jupiter-api-5.3.2.jar;C:\Users\EDYGON\.m2\repository\org\junit\platform\junit-platform-runner\1.2.0\junit-platform-runner-1.2.0.jar;C:\Users\EDYGON\.m2\repository\org\junit\platform\junit-platform-launcher\1.2.0\junit-platform-launcher-1.2.0.jar;C:\Users\EDYGON\.m2\repository\org\junit\platform\junit-platform-suite-api\1.2.0\junit-platform-suite-api-1.2.0.jar;C:\Users\EDYGON\.m2\repository\junit\junit\4.12\junit-4.12.jar;C:\Users\EDYGON\.m2\repository\org\hamcrest\hamcrest-core\1.3\hamcrest-core-1.3.jar;C:\Users\EDYGON\.m2\repository\org\projectlombok\lombok\1.18.12\lombok-1.18.12.jar;C:\Users\EDYGON\.m2\repository\io\qameta\allure\allure-junit5\2.13.0\allure-junit5-2.13.0.jar;C:\Users\EDYGON\.m2\repository\io\qameta\allure\allure-junit-platform\2.13.0\allure-junit-platform-2.13.0.jar;C:\Users\EDYGON\.m2\repository\io\qameta\allure\allure-java-commons\2.13.0\allure-java-commons-2.13.0.jar;C:\Users\EDYGON\.m2\repository\io\qameta\allure\allure-model\2.13.0\allure-model-2.13.0.jar;C:\Users\EDYGON\.m2\repository\org\slf4j\slf4j-api\1.7.25\slf4j-api-1.7.25.jar;C:\Users\EDYGON\.m2\repository\com\fasterxml\jackson\core\jackson-databind\2.9.8\jackson-databind-2.9.8.jar;C:\Users\EDYGON\.m2\repository\com\fasterxml\jackson\core\jackson-annotations\2.9.0\jackson-annotations-2.9.0.jar;C:\Users\EDYGON\.m2\repository\com\fasterxml\jackson\core\jackson-core\2.9.8\jackson-core-2.9.8.jar;C:\Users\EDYGON\.m2\repository\org\apache\tika\tika-core\1.20\tika-core-1.20.jar;C:\Users\EDYGON\.m2\repository\org\jooq\joor-java-8\0.9.10\joor-java-8-0.9.10.jar;C:\Users\EDYGON\.m2\repository\com\aventstack\extentreports\3.1.5\extentreports-3.1.5.jar;C:\Users\EDYGON\.m2\repository\org\freemarker\freemarker\2.3.23\freemarker-2.3.23.jar;C:\Users\EDYGON\.m2\repository\org\mongodb\mongodb-driver\3.3.0\mongodb-driver-3.3.0.jar;C:\Users\EDYGON\.m2\repository\org\mongodb\bson\3.3.0\bson-3.3.0.jar;C:\Users\EDYGON\.m2\repository\org\mongodb\mongodb-driver-core\3.3.0\mongodb-driver-core-3.3.0.jar;C:\Users\EDYGON\.m2\repository\org\apache\httpcomponents\httpclient\4.5.2\httpclient-4.5.2.jar;C:\Users\EDYGON\.m2\repository\org\apache\httpcomponents\httpcore\4.4.4\httpcore-4.4.4.jar;C:\Users\EDYGON\.m2\repository\commons-logging\commons-logging\1.2\commons-logging-1.2.jar;C:\Users\EDYGON\.m2\repository\commons-codec\commons-codec\1.9\commons-codec-1.9.jar;C:\Users\EDYGON\.m2\repository\org\apache\httpcomponents\httpmime\4.5.2\httpmime-4.5.2.jar;C:\Users\EDYGON\.m2\repository\org\jsoup\jsoup\1.9.2\jsoup-1.9.2.jar;C:\Users\EDYGON\.m2\repository\com\google\code\gson\gson\2.8.0\gson-2.8.0.jar;"/>
    <property name="java.vm.vendor" value="Amazon.com Inc."/>
    <property name="sun.arch.data.model" value="64"/>
    <property name="user.variant" value=""/>
    <property name="java.vendor.url" value="https://aws.amazon.com/corretto/"/>
    <property name="user.timezone" value="Europe/Belgrade"/>
    <property name="user.country.format" value="PL"/>
    <property name="java.vm.specification.version" value="1.8"/>
    <property name="os.name" value="Windows 10"/>
    <property name="user.country" value="US"/>
    <property name="sun.java.launcher" value="SUN_STANDARD"/>
    <property name="sun.boot.library.path" value="C:\Program Files\Amazon Corretto\jdk1.8.0_222\jre\bin"/>
    <property name="sun.java.command" value="C:\Users\EDYGON\AppData\Local\Temp\surefire4191961696648241646\surefirebooter5860223199837880796.jar C:\Users\EDYGON\AppData\Local\Temp\surefire4191961696648241646 2020-06-16T10-22-45_801-jvmRun1 surefire5051373402256439916tmp surefire_02395086939454138036tmp"/>
    <property name="test" value="SalaryTest"/>
    <property name="surefire.test.class.path" value="C:\Users\EDYGON\WorkspaceReports\test-report-tools\target\test-classes;C:\Users\EDYGON\WorkspaceReports\test-report-tools\target\classes;C:\Users\EDYGON\.m2\repository\org\junit\jupiter\junit-jupiter-engine\5.3.2\junit-jupiter-engine-5.3.2.jar;C:\Users\EDYGON\.m2\repository\org\apiguardian\apiguardian-api\1.0.0\apiguardian-api-1.0.0.jar;C:\Users\EDYGON\.m2\repository\org\junit\platform\junit-platform-engine\1.3.2\junit-platform-engine-1.3.2.jar;C:\Users\EDYGON\.m2\repository\org\junit\platform\junit-platform-commons\1.3.2\junit-platform-commons-1.3.2.jar;C:\Users\EDYGON\.m2\repository\org\opentest4j\opentest4j\1.1.1\opentest4j-1.1.1.jar;C:\Users\EDYGON\.m2\repository\org\junit\jupiter\junit-jupiter-api\5.3.2\junit-jupiter-api-5.3.2.jar;C:\Users\EDYGON\.m2\repository\org\junit\platform\junit-platform-runner\1.2.0\junit-platform-runner-1.2.0.jar;C:\Users\EDYGON\.m2\repository\org\junit\platform\junit-platform-launcher\1.2.0\junit-platform-launcher-1.2.0.jar;C:\Users\EDYGON\.m2\repository\org\junit\platform\junit-platform-suite-api\1.2.0\junit-platform-suite-api-1.2.0.jar;C:\Users\EDYGON\.m2\repository\junit\junit\4.12\junit-4.12.jar;C:\Users\EDYGON\.m2\repository\org\hamcrest\hamcrest-core\1.3\hamcrest-core-1.3.jar;C:\Users\EDYGON\.m2\repository\org\projectlombok\lombok\1.18.12\lombok-1.18.12.jar;C:\Users\EDYGON\.m2\repository\io\qameta\allure\allure-junit5\2.13.0\allure-junit5-2.13.0.jar;C:\Users\EDYGON\.m2\repository\io\qameta\allure\allure-junit-platform\2.13.0\allure-junit-platform-2.13.0.jar;C:\Users\EDYGON\.m2\repository\io\qameta\allure\allure-java-commons\2.13.0\allure-java-commons-2.13.0.jar;C:\Users\EDYGON\.m2\repository\io\qameta\allure\allure-model\2.13.0\allure-model-2.13.0.jar;C:\Users\EDYGON\.m2\repository\org\slf4j\slf4j-api\1.7.25\slf4j-api-1.7.25.jar;C:\Users\EDYGON\.m2\repository\com\fasterxml\jackson\core\jackson-databind\2.9.8\jackson-databind-2.9.8.jar;C:\Users\EDYGON\.m2\repository\com\fasterxml\jackson\core\jackson-annotations\2.9.0\jackson-annotations-2.9.0.jar;C:\Users\EDYGON\.m2\repository\com\fasterxml\jackson\core\jackson-core\2.9.8\jackson-core-2.9.8.jar;C:\Users\EDYGON\.m2\repository\org\apache\tika\tika-core\1.20\tika-core-1.20.jar;C:\Users\EDYGON\.m2\repository\org\jooq\joor-java-8\0.9.10\joor-java-8-0.9.10.jar;C:\Users\EDYGON\.m2\repository\com\aventstack\extentreports\3.1.5\extentreports-3.1.5.jar;C:\Users\EDYGON\.m2\repository\org\freemarker\freemarker\2.3.23\freemarker-2.3.23.jar;C:\Users\EDYGON\.m2\repository\org\mongodb\mongodb-driver\3.3.0\mongodb-driver-3.3.0.jar;C:\Users\EDYGON\.m2\repository\org\mongodb\bson\3.3.0\bson-3.3.0.jar;C:\Users\EDYGON\.m2\repository\org\mongodb\mongodb-driver-core\3.3.0\mongodb-driver-core-3.3.0.jar;C:\Users\EDYGON\.m2\repository\org\apache\httpcomponents\httpclient\4.5.2\httpclient-4.5.2.jar;C:\Users\EDYGON\.m2\repository\org\apache\httpcomponents\httpcore\4.4.4\httpcore-4.4.4.jar;C:\Users\EDYGON\.m2\repository\commons-logging\commons-logging\1.2\commons-logging-1.2.jar;C:\Users\EDYGON\.m2\repository\commons-codec\commons-codec\1.9\commons-codec-1.9.jar;C:\Users\EDYGON\.m2\repository\org\apache\httpcomponents\httpmime\4.5.2\httpmime-4.5.2.jar;C:\Users\EDYGON\.m2\repository\org\jsoup\jsoup\1.9.2\jsoup-1.9.2.jar;C:\Users\EDYGON\.m2\repository\com\google\code\gson\gson\2.8.0\gson-2.8.0.jar;"/>
    <property name="allure.results.directory" value="C:\Users\EDYGON\WorkspaceReports\test-report-tools/target/allure-results"/>
    <property name="sun.cpu.endian" value="little"/>
    <property name="user.home" value="C:\Users\EDYGON"/>
    <property name="user.language" value="en"/>
    <property name="java.specification.vendor" value="Oracle Corporation"/>
    <property name="generateReports" value="false"/>
    <property name="java.home" value="C:\Program Files\Amazon Corretto\jdk1.8.0_222\jre"/>
    <property name="basedir" value="C:\Users\EDYGON\WorkspaceReports\test-report-tools"/>
    <property name="file.separator" value="\"/>
    <property name="line.separator" value="&#10;"/>
    <property name="java.vm.specification.vendor" value="Oracle Corporation"/>
    <property name="java.specification.name" value="Java Platform API Specification"/>
    <property name="java.awt.graphicsenv" value="sun.awt.Win32GraphicsEnvironment"/>
    <property name="surefire.real.class.path" value="C:\Users\EDYGON\AppData\Local\Temp\surefire4191961696648241646\surefirebooter5860223199837880796.jar;C:\Users\EDYGON\.m2\repository/org/aspectj/aspectjweaver/1.9.4/aspectjweaver-1.9.4.jar"/>
    <property name="sun.boot.class.path" value="C:\Program Files\Amazon Corretto\jdk1.8.0_222\jre\lib\resources.jar;C:\Program Files\Amazon Corretto\jdk1.8.0_222\jre\lib\rt.jar;C:\Program Files\Amazon Corretto\jdk1.8.0_222\jre\lib\sunrsasign.jar;C:\Program Files\Amazon Corretto\jdk1.8.0_222\jre\lib\jsse.jar;C:\Program Files\Amazon Corretto\jdk1.8.0_222\jre\lib\jce.jar;C:\Program Files\Amazon Corretto\jdk1.8.0_222\jre\lib\charsets.jar;C:\Program Files\Amazon Corretto\jdk1.8.0_222\jre\lib\jfr.jar;C:\Program Files\Amazon Corretto\jdk1.8.0_222\jre\classes;C:\Program Files\Micro Focus\LeanFT\bin\java_shared\classes;C:\Program Files\Micro Focus\LeanFT\bin\java_shared\classes\jasmine.jar"/>
    <property name="user.script" value=""/>
    <property name="sun.management.compiler" value="HotSpot 64-Bit Tiered Compilers"/>
    <property name="java.runtime.version" value="1.8.0_222-b10"/>
    <property name="user.name" value="EDYGON"/>
    <property name="path.separator" value=";"/>
    <property name="os.version" value="10.0"/>
    <property name="java.endorsed.dirs" value="C:\Program Files\Amazon Corretto\jdk1.8.0_222\jre\lib\endorsed"/>
    <property name="java.runtime.name" value="OpenJDK Runtime Environment"/>
    <property name="file.encoding" value="Cp1250"/>
    <property name="java.vm.name" value="OpenJDK 64-Bit Server VM"/>
    <property name="localRepository" value="C:\Users\EDYGON\.m2\repository"/>
    <property name="java.vendor.url.bug" value="https://github.com/corretto/corretto-8/issues/"/>
    <property name="java.io.tmpdir" value="C:\Users\EDYGON\AppData\Local\Temp\"/>
    <property name="java.version" value="1.8.0_222"/>
    <property name="user.dir" value="C:\Users\EDYGON\WorkspaceReports\test-report-tools"/>
    <property name="os.arch" value="amd64"/>
    <property name="java.vm.specification.name" value="Java Virtual Machine Specification"/>
    <property name="java.awt.printerjob" value="sun.awt.windows.WPrinterJob"/>
    <property name="user.language.format" value="pl"/>
    <property name="sun.os.patch.level" value=""/>
    <property name="java.library.path" value="C:\Program Files\Amazon Corretto\jdk1.8.0_222\jre\bin;C:\WINDOWS\Sun\Java\bin;C:\WINDOWS\system32;C:\WINDOWS;C:/Program Files/Amazon Corretto/jdk1.8.0_222/bin/../jre/bin/server;C:/Program Files/Amazon Corretto/jdk1.8.0_222/bin/../jre/bin;C:/Program Files/Amazon Corretto/jdk1.8.0_222/bin/../jre/lib/amd64;C:\Program Files\Amazon Corretto\jdk1.8.0_222\bin;C:\Program Files (x86)\Java\jdk1.8.0_201;C:\Program Files (x86)\Common Files\Oracle\Java\javapath;C:\Program Files (x86)\Intel\iCLS Client\;C:\Program Files\Intel\iCLS Client\;C:\ProgramData\Oracle\Java\javapath;C:\WINDOWS\system32;C:\WINDOWS;C:\WINDOWS\System32\Wbem;C:\WINDOWS\System32\WindowsPowerShell\v1.0\;C:\Program Files (x86)\Intel\Intel(R) Management Engine Components\DAL;C:\Program Files\Intel\Intel(R) Management Engine Components\DAL;C:\Program Files (x86)\Intel\Intel(R) Management Engine Components\IPT;C:\Program Files\Intel\Intel(R) Management Engine Components\IPT;C:\Program Files\Git\cmd;C:\Program Files\apache-maven-3.6.0\bin;C:\Program Files (x86)\nodejs\;C:\Program Files (x86)\allure-cli\bin;C:\Program Files\TortoiseSVN\bin;C:\Program Files\Micro Focus\LeanFT\bin;C:\WINDOWS\System32\OpenSSH\;C:\Program Files\PuTTY\;C:\Users\EDYGON\AppData\Local\Android\Sdk\emulator;C:\Users\EDYGON\AppData\Local\Android\Sdk\platform-tools;C:\Users\EDYGON\AppData\Local\Android\Sdk\tools;C:\Users\EDYGON\AppData\Local\Android\Sdk\tools\bin\;C:\Program Files\dotnet\;C:\Program Files\Microsoft SQL Server\130\Tools\Binn\;C:\Program Files\Microsoft SQL Server\Client SDK\ODBC\170\Tools\Binn\;C:\Users\EDYGON\AppData\Local\Microsoft\WindowsApps;C:\Program Files\apache-maven-3.6.0\bin;C:\Program Files\JetBrains\IntelliJ IDEA Community Edition 2018.3.4\bin;C:\Users\EDYGON\AppData\Roaming\npm;C:\Program Files (x86)\Java\jdk1.8.0_201;C:\Program Files\Amazon Corretto\jdk1.8.0_222\bin;C:\Users\EDYGON\AppData\Local\Programs\Microsoft VS Code\bin;C:\Users\EDYGON\.dotnet\tools;C:\Users\EDYGON\AppData\Local\GitHubDesktop\bin;C:\Users\EDYGON\Desktop;;C:\Program Files\Micro Focus\LeanFT\\bin64;C:\Program Files\Micro Focus\LeanFT\\bin64;."/>
    <property name="java.vm.info" value="mixed mode"/>
    <property name="java.vendor" value="Amazon.com Inc."/>
    <property name="java.vm.version" value="25.222-b10"/>
    <property name="java.ext.dirs" value="C:\Program Files\Amazon Corretto\jdk1.8.0_222\jre\lib\ext;C:\WINDOWS\Sun\Java\lib\ext"/>
    <property name="sun.io.unicode.encoding" value="UnicodeLittle"/>
    <property name="java.class.version" value="52.0"/>
  </properties>
  <testcase name="checkAlgorithmBruttonNetto" classname="salary.SalaryTest" time="0.43">
    <error type="java.io.FileNotFoundException"><![CDATA[java.io.FileNotFoundException: filename.txt (The system cannot find the file specified)
	at salary.SalaryTest.checkAlgorithmBruttonNetto(SalaryTest.java:43)
]]></error>
  </testcase>
  <testcase name="checkTaxForEmployee" classname="salary.SalaryTest" time="0">
    <skipped type="org.opentest4j.TestAbortedException"><![CDATA[org.opentest4j.TestAbortedException: Assumption failed: assumption is not true
	at salary.SalaryTest.checkTaxForEmployee(SalaryTest.java:68)
]]></skipped>
  </testcase>
  <testcase name="checkAlgorithmTax" classname="salary.SalaryTest" time="0.006"/>
</testsuite>